{"C:\\Users\\nates\\Pro\\chatbot\\lib\\Anagram.js": {"path":"C:\\Users\\nates\\Pro\\chatbot\\lib\\Anagram.js","all":false,"statementMap":{"0":{"start":{"line":1,"column":0},"end":{"line":1,"column":13}},"1":{"start":{"line":2,"column":0},"end":{"line":2,"column":97}},"2":{"start":{"line":3,"column":0},"end":{"line":3,"column":33}},"3":{"start":{"line":4,"column":0},"end":{"line":4,"column":53}},"4":{"start":{"line":5,"column":0},"end":{"line":5,"column":88}},"5":{"start":{"line":6,"column":0},"end":{"line":6,"column":68}},"6":{"start":{"line":7,"column":0},"end":{"line":7,"column":5}},"7":{"start":{"line":8,"column":0},"end":{"line":8,"column":39}},"8":{"start":{"line":9,"column":0},"end":{"line":9,"column":29}},"9":{"start":{"line":10,"column":0},"end":{"line":10,"column":33}},"10":{"start":{"line":11,"column":0},"end":{"line":11,"column":17}},"11":{"start":{"line":12,"column":0},"end":{"line":12,"column":4}},"12":{"start":{"line":13,"column":0},"end":{"line":13,"column":96}},"13":{"start":{"line":14,"column":0},"end":{"line":14,"column":72}},"14":{"start":{"line":15,"column":0},"end":{"line":15,"column":21}},"15":{"start":{"line":16,"column":0},"end":{"line":16,"column":21}},"16":{"start":{"line":17,"column":0},"end":{"line":17,"column":3}},"17":{"start":{"line":18,"column":0},"end":{"line":18,"column":66}},"18":{"start":{"line":19,"column":0},"end":{"line":19,"column":42}},"19":{"start":{"line":20,"column":0},"end":{"line":20,"column":20}},"20":{"start":{"line":21,"column":0},"end":{"line":21,"column":141}},"21":{"start":{"line":22,"column":0},"end":{"line":22,"column":36}},"22":{"start":{"line":23,"column":0},"end":{"line":23,"column":18}},"23":{"start":{"line":24,"column":0},"end":{"line":24,"column":2}},"24":{"start":{"line":25,"column":0},"end":{"line":25,"column":90}},"25":{"start":{"line":26,"column":0},"end":{"line":26,"column":112}},"26":{"start":{"line":27,"column":0},"end":{"line":27,"column":64}},"27":{"start":{"line":28,"column":0},"end":{"line":28,"column":99}},"28":{"start":{"line":29,"column":0},"end":{"line":29,"column":102}},"29":{"start":{"line":30,"column":0},"end":{"line":30,"column":118}},"30":{"start":{"line":31,"column":0},"end":{"line":31,"column":78}},"31":{"start":{"line":32,"column":0},"end":{"line":32,"column":7}},"32":{"start":{"line":33,"column":0},"end":{"line":33,"column":2}},"33":{"start":{"line":34,"column":0},"end":{"line":34,"column":62}},"34":{"start":{"line":35,"column":0},"end":{"line":35,"column":25}},"35":{"start":{"line":36,"column":0},"end":{"line":36,"column":80}},"36":{"start":{"line":37,"column":0},"end":{"line":37,"column":15}},"37":{"start":{"line":38,"column":0},"end":{"line":38,"column":33}},"38":{"start":{"line":39,"column":0},"end":{"line":39,"column":45}},"39":{"start":{"line":40,"column":0},"end":{"line":40,"column":29}},"40":{"start":{"line":41,"column":0},"end":{"line":41,"column":35}},"41":{"start":{"line":42,"column":0},"end":{"line":42,"column":45}},"42":{"start":{"line":43,"column":0},"end":{"line":43,"column":156}},"43":{"start":{"line":44,"column":0},"end":{"line":44,"column":36}},"44":{"start":{"line":45,"column":0},"end":{"line":45,"column":70}},"45":{"start":{"line":46,"column":0},"end":{"line":46,"column":52}},"46":{"start":{"line":47,"column":0},"end":{"line":47,"column":45}},"47":{"start":{"line":48,"column":0},"end":{"line":48,"column":11}},"48":{"start":{"line":49,"column":0},"end":{"line":49,"column":40}},"49":{"start":{"line":50,"column":0},"end":{"line":50,"column":43}},"50":{"start":{"line":51,"column":0},"end":{"line":51,"column":75}},"51":{"start":{"line":52,"column":0},"end":{"line":52,"column":5}},"52":{"start":{"line":53,"column":0},"end":{"line":53,"column":26}},"53":{"start":{"line":54,"column":0},"end":{"line":54,"column":61}},"54":{"start":{"line":55,"column":0},"end":{"line":55,"column":22}},"55":{"start":{"line":56,"column":0},"end":{"line":56,"column":17}},"56":{"start":{"line":57,"column":0},"end":{"line":57,"column":76}},"57":{"start":{"line":58,"column":0},"end":{"line":58,"column":138}},"58":{"start":{"line":59,"column":0},"end":{"line":59,"column":87}},"59":{"start":{"line":60,"column":0},"end":{"line":60,"column":41}},"60":{"start":{"line":61,"column":0},"end":{"line":61,"column":19}},"61":{"start":{"line":62,"column":0},"end":{"line":62,"column":13}},"62":{"start":{"line":63,"column":0},"end":{"line":63,"column":25}},"63":{"start":{"line":64,"column":0},"end":{"line":64,"column":64}},"64":{"start":{"line":65,"column":0},"end":{"line":65,"column":13}},"65":{"start":{"line":66,"column":0},"end":{"line":66,"column":11}},"66":{"start":{"line":67,"column":0},"end":{"line":67,"column":5}},"67":{"start":{"line":68,"column":0},"end":{"line":68,"column":21}},"68":{"start":{"line":69,"column":0},"end":{"line":69,"column":13}},"69":{"start":{"line":70,"column":0},"end":{"line":70,"column":47}},"70":{"start":{"line":71,"column":0},"end":{"line":71,"column":89}},"71":{"start":{"line":72,"column":0},"end":{"line":72,"column":9}},"72":{"start":{"line":73,"column":0},"end":{"line":73,"column":21}},"73":{"start":{"line":74,"column":0},"end":{"line":74,"column":55}},"74":{"start":{"line":75,"column":0},"end":{"line":75,"column":9}},"75":{"start":{"line":76,"column":0},"end":{"line":76,"column":5}},"76":{"start":{"line":77,"column":0},"end":{"line":77,"column":20}},"77":{"start":{"line":78,"column":0},"end":{"line":78,"column":28}},"78":{"start":{"line":79,"column":0},"end":{"line":79,"column":5}},"79":{"start":{"line":80,"column":0},"end":{"line":80,"column":26}},"80":{"start":{"line":81,"column":0},"end":{"line":81,"column":61}},"81":{"start":{"line":82,"column":0},"end":{"line":82,"column":38}},"82":{"start":{"line":83,"column":0},"end":{"line":83,"column":17}},"83":{"start":{"line":84,"column":0},"end":{"line":84,"column":70}},"84":{"start":{"line":85,"column":0},"end":{"line":85,"column":62}},"85":{"start":{"line":86,"column":0},"end":{"line":86,"column":45}},"86":{"start":{"line":87,"column":0},"end":{"line":87,"column":13}},"87":{"start":{"line":88,"column":0},"end":{"line":88,"column":25}},"88":{"start":{"line":89,"column":0},"end":{"line":89,"column":64}},"89":{"start":{"line":90,"column":0},"end":{"line":90,"column":13}},"90":{"start":{"line":91,"column":0},"end":{"line":91,"column":11}},"91":{"start":{"line":92,"column":0},"end":{"line":92,"column":5}},"92":{"start":{"line":93,"column":0},"end":{"line":93,"column":13}},"93":{"start":{"line":94,"column":0},"end":{"line":94,"column":61}},"94":{"start":{"line":95,"column":0},"end":{"line":95,"column":42}},"95":{"start":{"line":96,"column":0},"end":{"line":96,"column":63}},"96":{"start":{"line":97,"column":0},"end":{"line":97,"column":93}},"97":{"start":{"line":98,"column":0},"end":{"line":98,"column":11}},"98":{"start":{"line":99,"column":0},"end":{"line":99,"column":5}},"99":{"start":{"line":100,"column":0},"end":{"line":100,"column":37}},"100":{"start":{"line":101,"column":0},"end":{"line":101,"column":6}},"101":{"start":{"line":102,"column":0},"end":{"line":102,"column":74}},"102":{"start":{"line":103,"column":0},"end":{"line":103,"column":72}},"103":{"start":{"line":104,"column":0},"end":{"line":104,"column":126}},"104":{"start":{"line":105,"column":0},"end":{"line":105,"column":53}},"105":{"start":{"line":106,"column":0},"end":{"line":106,"column":32}},"106":{"start":{"line":107,"column":0},"end":{"line":107,"column":7}},"107":{"start":{"line":108,"column":0},"end":{"line":108,"column":50}},"108":{"start":{"line":109,"column":0},"end":{"line":109,"column":61}},"109":{"start":{"line":110,"column":0},"end":{"line":110,"column":61}},"110":{"start":{"line":111,"column":0},"end":{"line":111,"column":75}},"111":{"start":{"line":112,"column":0},"end":{"line":112,"column":57}},"112":{"start":{"line":113,"column":0},"end":{"line":113,"column":74}},"113":{"start":{"line":114,"column":0},"end":{"line":114,"column":75}},"114":{"start":{"line":115,"column":0},"end":{"line":115,"column":11}},"115":{"start":{"line":116,"column":0},"end":{"line":116,"column":5}},"116":{"start":{"line":117,"column":0},"end":{"line":117,"column":18}},"117":{"start":{"line":118,"column":0},"end":{"line":118,"column":47}},"118":{"start":{"line":119,"column":0},"end":{"line":119,"column":58}},"119":{"start":{"line":120,"column":0},"end":{"line":120,"column":48}},"120":{"start":{"line":121,"column":0},"end":{"line":121,"column":51}},"121":{"start":{"line":122,"column":0},"end":{"line":122,"column":52}},"122":{"start":{"line":123,"column":0},"end":{"line":123,"column":13}},"123":{"start":{"line":124,"column":0},"end":{"line":124,"column":5}},"124":{"start":{"line":125,"column":0},"end":{"line":125,"column":31}},"125":{"start":{"line":126,"column":0},"end":{"line":126,"column":84}},"126":{"start":{"line":127,"column":0},"end":{"line":127,"column":26}},"127":{"start":{"line":128,"column":0},"end":{"line":128,"column":5}},"128":{"start":{"line":129,"column":0},"end":{"line":129,"column":25}},"129":{"start":{"line":130,"column":0},"end":{"line":130,"column":37}},"130":{"start":{"line":131,"column":0},"end":{"line":131,"column":24}},"131":{"start":{"line":132,"column":0},"end":{"line":132,"column":9}},"132":{"start":{"line":133,"column":0},"end":{"line":133,"column":21}},"133":{"start":{"line":134,"column":0},"end":{"line":134,"column":5}},"134":{"start":{"line":135,"column":0},"end":{"line":135,"column":26}},"135":{"start":{"line":136,"column":0},"end":{"line":136,"column":39}},"136":{"start":{"line":137,"column":0},"end":{"line":137,"column":24}},"137":{"start":{"line":138,"column":0},"end":{"line":138,"column":9}},"138":{"start":{"line":139,"column":0},"end":{"line":139,"column":21}},"139":{"start":{"line":140,"column":0},"end":{"line":140,"column":5}},"140":{"start":{"line":141,"column":0},"end":{"line":141,"column":56}},"141":{"start":{"line":142,"column":0},"end":{"line":142,"column":46}},"142":{"start":{"line":143,"column":0},"end":{"line":143,"column":61}},"143":{"start":{"line":144,"column":0},"end":{"line":144,"column":72}},"144":{"start":{"line":145,"column":0},"end":{"line":145,"column":42}},"145":{"start":{"line":146,"column":0},"end":{"line":146,"column":77}},"146":{"start":{"line":147,"column":0},"end":{"line":147,"column":55}},"147":{"start":{"line":148,"column":0},"end":{"line":148,"column":96}},"148":{"start":{"line":149,"column":0},"end":{"line":149,"column":100}},"149":{"start":{"line":150,"column":0},"end":{"line":150,"column":13}},"150":{"start":{"line":151,"column":0},"end":{"line":151,"column":11}},"151":{"start":{"line":152,"column":0},"end":{"line":152,"column":5}},"152":{"start":{"line":153,"column":0},"end":{"line":153,"column":24}},"153":{"start":{"line":154,"column":0},"end":{"line":154,"column":17}},"154":{"start":{"line":155,"column":0},"end":{"line":155,"column":30}},"155":{"start":{"line":156,"column":0},"end":{"line":156,"column":5}},"156":{"start":{"line":157,"column":0},"end":{"line":157,"column":42}},"157":{"start":{"line":158,"column":0},"end":{"line":158,"column":19}},"158":{"start":{"line":159,"column":0},"end":{"line":159,"column":46}},"159":{"start":{"line":160,"column":0},"end":{"line":160,"column":5}},"160":{"start":{"line":161,"column":0},"end":{"line":161,"column":1}},"161":{"start":{"line":162,"column":0},"end":{"line":162,"column":26}}},"s":{"0":1,"1":1,"2":99,"3":99,"4":99,"5":94,"6":94,"7":99,"8":1,"9":0,"10":0,"11":1,"12":1,"13":1,"14":1,"15":0,"16":1,"17":1,"18":1,"19":1,"20":1,"21":1,"22":1,"23":1,"24":1,"25":19,"26":19,"27":19,"28":19,"29":19,"30":19,"31":19,"32":19,"33":1,"34":1,"35":1,"36":1,"37":1,"38":3,"39":3,"40":3,"41":3,"42":3,"43":3,"44":3,"45":3,"46":3,"47":3,"48":3,"49":3,"50":3,"51":3,"52":1,"53":9,"54":9,"55":9,"56":9,"57":9,"58":9,"59":0,"60":9,"61":9,"62":9,"63":0,"64":0,"65":9,"66":9,"67":1,"68":0,"69":0,"70":0,"71":0,"72":0,"73":0,"74":0,"75":0,"76":1,"77":0,"78":0,"79":1,"80":9,"81":9,"82":9,"83":9,"84":0,"85":0,"86":0,"87":9,"88":9,"89":9,"90":9,"91":9,"92":1,"93":1,"94":1,"95":1,"96":1,"97":1,"98":1,"99":1,"100":1,"101":1,"102":1,"103":1,"104":1,"105":1,"106":1,"107":1,"108":0,"109":0,"110":0,"111":0,"112":0,"113":0,"114":0,"115":0,"116":1,"117":2,"118":2,"119":2,"120":2,"121":2,"122":2,"123":2,"124":1,"125":2,"126":2,"127":2,"128":1,"129":1,"130":0,"131":0,"132":1,"133":1,"134":1,"135":0,"136":0,"137":0,"138":0,"139":0,"140":1,"141":1,"142":0,"143":0,"144":0,"145":0,"146":0,"147":0,"148":0,"149":0,"150":0,"151":0,"152":1,"153":0,"154":0,"155":0,"156":1,"157":1,"158":2,"159":2,"160":1,"161":1},"branchMap":{"0":{"type":"branch","line":9,"loc":{"start":{"line":9,"column":1},"end":{"line":12,"column":3}},"locations":[{"start":{"line":9,"column":1},"end":{"line":12,"column":3}}]},"1":{"type":"branch","line":15,"loc":{"start":{"line":15,"column":1},"end":{"line":17,"column":2}},"locations":[{"start":{"line":15,"column":1},"end":{"line":17,"column":2}}]},"2":{"type":"branch","line":2,"loc":{"start":{"line":2,"column":74},"end":{"line":9,"column":6}},"locations":[{"start":{"line":2,"column":74},"end":{"line":9,"column":6}}]},"3":{"type":"branch","line":5,"loc":{"start":{"line":5,"column":31},"end":{"line":5,"column":47}},"locations":[{"start":{"line":5,"column":31},"end":{"line":5,"column":47}}]},"4":{"type":"branch","line":5,"loc":{"start":{"line":5,"column":47},"end":{"line":5,"column":84}},"locations":[{"start":{"line":5,"column":47},"end":{"line":5,"column":84}}]},"5":{"type":"branch","line":5,"loc":{"start":{"line":5,"column":63},"end":{"line":5,"column":84}},"locations":[{"start":{"line":5,"column":63},"end":{"line":5,"column":84}}]},"6":{"type":"branch","line":5,"loc":{"start":{"line":5,"column":87},"end":{"line":7,"column":5}},"locations":[{"start":{"line":5,"column":87},"end":{"line":7,"column":5}}]},"7":{"type":"branch","line":6,"loc":{"start":{"line":6,"column":38},"end":{"line":6,"column":66}},"locations":[{"start":{"line":6,"column":38},"end":{"line":6,"column":66}}]},"8":{"type":"branch","line":13,"loc":{"start":{"line":13,"column":80},"end":{"line":15,"column":5}},"locations":[{"start":{"line":13,"column":80},"end":{"line":15,"column":5}}]},"9":{"type":"branch","line":18,"loc":{"start":{"line":18,"column":50},"end":{"line":24,"column":2}},"locations":[{"start":{"line":18,"column":50},"end":{"line":24,"column":2}}]},"10":{"type":"branch","line":19,"loc":{"start":{"line":19,"column":31},"end":{"line":19,"column":42}},"locations":[{"start":{"line":19,"column":31},"end":{"line":19,"column":42}}]},"11":{"type":"branch","line":21,"loc":{"start":{"line":21,"column":40},"end":{"line":21,"column":141}},"locations":[{"start":{"line":21,"column":40},"end":{"line":21,"column":141}}]},"12":{"type":"branch","line":25,"loc":{"start":{"line":25,"column":44},"end":{"line":33,"column":2}},"locations":[{"start":{"line":25,"column":44},"end":{"line":33,"column":2}}]},"13":{"type":"branch","line":26,"loc":{"start":{"line":26,"column":4},"end":{"line":26,"column":112}},"locations":[{"start":{"line":26,"column":4},"end":{"line":26,"column":112}}]},"14":{"type":"branch","line":26,"loc":{"start":{"line":26,"column":61},"end":{"line":26,"column":109}},"locations":[{"start":{"line":26,"column":61},"end":{"line":26,"column":109}}]},"15":{"type":"branch","line":27,"loc":{"start":{"line":27,"column":36},"end":{"line":32,"column":5}},"locations":[{"start":{"line":27,"column":36},"end":{"line":32,"column":5}}]},"16":{"type":"branch","line":28,"loc":{"start":{"line":28,"column":8},"end":{"line":28,"column":99}},"locations":[{"start":{"line":28,"column":8},"end":{"line":28,"column":99}}]},"17":{"type":"branch","line":28,"loc":{"start":{"line":28,"column":73},"end":{"line":28,"column":98}},"locations":[{"start":{"line":28,"column":73},"end":{"line":28,"column":98}}]},"18":{"type":"branch","line":30,"loc":{"start":{"line":30,"column":8},"end":{"line":30,"column":118}},"locations":[{"start":{"line":30,"column":8},"end":{"line":30,"column":118}}]},"19":{"type":"branch","line":30,"loc":{"start":{"line":30,"column":43},"end":{"line":30,"column":67}},"locations":[{"start":{"line":30,"column":43},"end":{"line":30,"column":67}}]},"20":{"type":"branch","line":30,"loc":{"start":{"line":30,"column":67},"end":{"line":30,"column":115}},"locations":[{"start":{"line":30,"column":67},"end":{"line":30,"column":115}}]},"21":{"type":"branch","line":38,"loc":{"start":{"line":38,"column":4},"end":{"line":52,"column":5}},"locations":[{"start":{"line":38,"column":4},"end":{"line":52,"column":5}}]},"22":{"type":"branch","line":51,"loc":{"start":{"line":51,"column":37},"end":{"line":51,"column":73}},"locations":[{"start":{"line":51,"column":37},"end":{"line":51,"column":73}}]},"23":{"type":"branch","line":53,"loc":{"start":{"line":53,"column":4},"end":{"line":67,"column":5}},"locations":[{"start":{"line":53,"column":4},"end":{"line":67,"column":5}}]},"24":{"type":"branch","line":54,"loc":{"start":{"line":54,"column":47},"end":{"line":66,"column":9}},"locations":[{"start":{"line":54,"column":47},"end":{"line":66,"column":9}}]},"25":{"type":"branch","line":58,"loc":{"start":{"line":58,"column":99},"end":{"line":58,"column":137}},"locations":[{"start":{"line":58,"column":99},"end":{"line":58,"column":137}}]},"26":{"type":"branch","line":59,"loc":{"start":{"line":59,"column":59},"end":{"line":61,"column":18}},"locations":[{"start":{"line":59,"column":59},"end":{"line":61,"column":18}}]},"27":{"type":"branch","line":63,"loc":{"start":{"line":63,"column":12},"end":{"line":65,"column":13}},"locations":[{"start":{"line":63,"column":12},"end":{"line":65,"column":13}}]},"28":{"type":"branch","line":80,"loc":{"start":{"line":80,"column":4},"end":{"line":92,"column":5}},"locations":[{"start":{"line":80,"column":4},"end":{"line":92,"column":5}}]},"29":{"type":"branch","line":81,"loc":{"start":{"line":81,"column":47},"end":{"line":91,"column":9}},"locations":[{"start":{"line":81,"column":47},"end":{"line":91,"column":9}}]},"30":{"type":"branch","line":84,"loc":{"start":{"line":84,"column":51},"end":{"line":87,"column":13}},"locations":[{"start":{"line":84,"column":51},"end":{"line":87,"column":13}}]},"31":{"type":"branch","line":93,"loc":{"start":{"line":93,"column":4},"end":{"line":99,"column":5}},"locations":[{"start":{"line":93,"column":4},"end":{"line":99,"column":5}}]},"32":{"type":"branch","line":94,"loc":{"start":{"line":94,"column":47},"end":{"line":98,"column":9}},"locations":[{"start":{"line":94,"column":47},"end":{"line":98,"column":9}}]},"33":{"type":"branch","line":117,"loc":{"start":{"line":117,"column":4},"end":{"line":124,"column":5}},"locations":[{"start":{"line":117,"column":4},"end":{"line":124,"column":5}}]},"34":{"type":"branch","line":125,"loc":{"start":{"line":125,"column":4},"end":{"line":128,"column":5}},"locations":[{"start":{"line":125,"column":4},"end":{"line":128,"column":5}}]},"35":{"type":"branch","line":129,"loc":{"start":{"line":129,"column":4},"end":{"line":134,"column":5}},"locations":[{"start":{"line":129,"column":4},"end":{"line":134,"column":5}}]},"36":{"type":"branch","line":130,"loc":{"start":{"line":130,"column":36},"end":{"line":132,"column":9}},"locations":[{"start":{"line":130,"column":36},"end":{"line":132,"column":9}}]},"37":{"type":"branch","line":158,"loc":{"start":{"line":158,"column":4},"end":{"line":160,"column":5}},"locations":[{"start":{"line":158,"column":4},"end":{"line":160,"column":5}}]}},"b":{"0":[0],"1":[0],"2":[99],"3":[5],"4":[94],"5":[5],"6":[94],"7":[2],"8":[1],"9":[1],"10":[0],"11":[99],"12":[19],"13":[9],"14":[0],"15":[19],"16":[9],"17":[0],"18":[28],"19":[19],"20":[9],"21":[3],"22":[9],"23":[9],"24":[9],"25":[0],"26":[0],"27":[0],"28":[9],"29":[9],"30":[0],"31":[1],"32":[1],"33":[2],"34":[2],"35":[1],"36":[0],"37":[2]},"fnMap":{"0":{"name":"Object.<anonymous>.__createBinding","decl":{"start":{"line":2,"column":74},"end":{"line":9,"column":6}},"loc":{"start":{"line":2,"column":74},"end":{"line":9,"column":6}},"line":2},"1":{"name":"get","decl":{"start":{"line":6,"column":38},"end":{"line":6,"column":66}},"loc":{"start":{"line":6,"column":38},"end":{"line":6,"column":66}},"line":6},"2":{"name":"Object.<anonymous>.__createBinding","decl":{"start":{"line":9,"column":6},"end":{"line":12,"column":3}},"loc":{"start":{"line":9,"column":6},"end":{"line":12,"column":3}},"line":9},"3":{"name":"Object.<anonymous>.__setModuleDefault","decl":{"start":{"line":13,"column":80},"end":{"line":15,"column":5}},"loc":{"start":{"line":13,"column":80},"end":{"line":15,"column":5}},"line":13},"4":{"name":"Object.<anonymous>.__setModuleDefault","decl":{"start":{"line":15,"column":5},"end":{"line":17,"column":2}},"loc":{"start":{"line":15,"column":5},"end":{"line":17,"column":2}},"line":15},"5":{"name":"Object.<anonymous>.__importStar","decl":{"start":{"line":18,"column":50},"end":{"line":24,"column":2}},"loc":{"start":{"line":18,"column":50},"end":{"line":24,"column":2}},"line":18},"6":{"name":"Object.<anonymous>.__awaiter","decl":{"start":{"line":25,"column":44},"end":{"line":33,"column":2}},"loc":{"start":{"line":25,"column":44},"end":{"line":33,"column":2}},"line":25},"7":{"name":"adopt","decl":{"start":{"line":26,"column":4},"end":{"line":26,"column":112}},"loc":{"start":{"line":26,"column":4},"end":{"line":26,"column":112}},"line":26},"8":{"name":"fulfilled","decl":{"start":{"line":28,"column":8},"end":{"line":28,"column":99}},"loc":{"start":{"line":28,"column":8},"end":{"line":28,"column":99}},"line":28},"9":{"name":"rejected","decl":{"start":{"line":29,"column":8},"end":{"line":29,"column":102}},"loc":{"start":{"line":29,"column":8},"end":{"line":29,"column":102}},"line":29},"10":{"name":"step","decl":{"start":{"line":30,"column":8},"end":{"line":30,"column":118}},"loc":{"start":{"line":30,"column":8},"end":{"line":30,"column":118}},"line":30},"11":{"name":"Anagram","decl":{"start":{"line":38,"column":4},"end":{"line":52,"column":5}},"loc":{"start":{"line":38,"column":4},"end":{"line":52,"column":5}},"line":38},"12":{"name":"loadAnagrams","decl":{"start":{"line":53,"column":4},"end":{"line":67,"column":5}},"loc":{"start":{"line":53,"column":4},"end":{"line":67,"column":5}},"line":53},"13":{"name":"lineToMap","decl":{"start":{"line":68,"column":4},"end":{"line":76,"column":5}},"loc":{"start":{"line":68,"column":4},"end":{"line":76,"column":5}},"line":68},"14":{"name":"nToEnd","decl":{"start":{"line":77,"column":4},"end":{"line":79,"column":5}},"loc":{"start":{"line":77,"column":4},"end":{"line":79,"column":5}},"line":77},"15":{"name":"fetchAnagram","decl":{"start":{"line":80,"column":4},"end":{"line":92,"column":5}},"loc":{"start":{"line":80,"column":4},"end":{"line":92,"column":5}},"line":80},"16":{"name":"setup","decl":{"start":{"line":93,"column":4},"end":{"line":99,"column":5}},"loc":{"start":{"line":93,"column":4},"end":{"line":99,"column":5}},"line":93},"17":{"name":"setAnagrams","decl":{"start":{"line":108,"column":4},"end":{"line":116,"column":5}},"loc":{"start":{"line":108,"column":4},"end":{"line":116,"column":5}},"line":108},"18":{"name":"search","decl":{"start":{"line":117,"column":4},"end":{"line":124,"column":5}},"loc":{"start":{"line":117,"column":4},"end":{"line":124,"column":5}},"line":117},"19":{"name":"loadDictionaryIntoArray","decl":{"start":{"line":125,"column":4},"end":{"line":128,"column":5}},"loc":{"start":{"line":125,"column":4},"end":{"line":128,"column":5}},"line":125},"20":{"name":"validateAlpha","decl":{"start":{"line":129,"column":4},"end":{"line":134,"column":5}},"loc":{"start":{"line":129,"column":4},"end":{"line":134,"column":5}},"line":129},"21":{"name":"validateValues","decl":{"start":{"line":135,"column":4},"end":{"line":140,"column":5}},"loc":{"start":{"line":135,"column":4},"end":{"line":140,"column":5}},"line":135},"22":{"name":"sortDictionaryWordsIntoRedis","decl":{"start":{"line":142,"column":4},"end":{"line":152,"column":5}},"loc":{"start":{"line":142,"column":4},"end":{"line":152,"column":5}},"line":142},"23":{"name":"preCommaWord","decl":{"start":{"line":153,"column":4},"end":{"line":156,"column":5}},"loc":{"start":{"line":153,"column":4},"end":{"line":156,"column":5}},"line":153},"24":{"name":"sortStr","decl":{"start":{"line":158,"column":4},"end":{"line":160,"column":5}},"loc":{"start":{"line":158,"column":4},"end":{"line":160,"column":5}},"line":158}},"f":{"0":99,"1":2,"2":0,"3":1,"4":0,"5":1,"6":19,"7":9,"8":9,"9":0,"10":28,"11":3,"12":9,"13":0,"14":0,"15":9,"16":1,"17":0,"18":2,"19":2,"20":1,"21":0,"22":0,"23":0,"24":2}}
,"C:\\Users\\nates\\Pro\\chatbot\\lib\\Anagrams.js": {"path":"C:\\Users\\nates\\Pro\\chatbot\\lib\\Anagrams.js","all":false,"statementMap":{"0":{"start":{"line":1,"column":0},"end":{"line":1,"column":13}},"1":{"start":{"line":2,"column":0},"end":{"line":2,"column":62}},"2":{"start":{"line":3,"column":0},"end":{"line":3,"column":26}},"3":{"start":{"line":4,"column":0},"end":{"line":4,"column":10}},"4":{"start":{"line":5,"column":0},"end":{"line":5,"column":31}},"5":{"start":{"line":6,"column":0},"end":{"line":6,"column":16}},"6":{"start":{"line":7,"column":0},"end":{"line":7,"column":22}},"7":{"start":{"line":8,"column":0},"end":{"line":8,"column":23}},"8":{"start":{"line":9,"column":0},"end":{"line":9,"column":5}},"9":{"start":{"line":10,"column":0},"end":{"line":10,"column":1}},"10":{"start":{"line":11,"column":0},"end":{"line":11,"column":28}}},"s":{"0":1,"1":1,"2":1,"3":1,"4":1,"5":1,"6":1,"7":2,"8":2,"9":1,"10":1},"branchMap":{"0":{"type":"branch","line":7,"loc":{"start":{"line":7,"column":4},"end":{"line":9,"column":5}},"locations":[{"start":{"line":7,"column":4},"end":{"line":9,"column":5}}]}},"b":{"0":[2]},"fnMap":{"0":{"name":"Anagrams","decl":{"start":{"line":7,"column":4},"end":{"line":9,"column":5}},"loc":{"start":{"line":7,"column":4},"end":{"line":9,"column":5}},"line":7}},"f":{"0":2}}
,"C:\\Users\\nates\\Pro\\chatbot\\lib\\StrArr.js": {"path":"C:\\Users\\nates\\Pro\\chatbot\\lib\\StrArr.js","all":false,"statementMap":{"0":{"start":{"line":1,"column":0},"end":{"line":1,"column":13}},"1":{"start":{"line":2,"column":0},"end":{"line":2,"column":62}},"2":{"start":{"line":3,"column":0},"end":{"line":3,"column":24}},"3":{"start":{"line":4,"column":0},"end":{"line":4,"column":25}},"4":{"start":{"line":5,"column":0},"end":{"line":5,"column":29}},"5":{"start":{"line":6,"column":0},"end":{"line":6,"column":33}},"6":{"start":{"line":7,"column":0},"end":{"line":7,"column":52}},"7":{"start":{"line":8,"column":0},"end":{"line":8,"column":14}},"8":{"start":{"line":9,"column":0},"end":{"line":9,"column":25}},"9":{"start":{"line":10,"column":0},"end":{"line":10,"column":56}},"10":{"start":{"line":11,"column":0},"end":{"line":11,"column":5}},"11":{"start":{"line":12,"column":0},"end":{"line":12,"column":41}},"12":{"start":{"line":13,"column":0},"end":{"line":13,"column":47}},"13":{"start":{"line":14,"column":0},"end":{"line":14,"column":44}},"14":{"start":{"line":15,"column":0},"end":{"line":15,"column":47}},"15":{"start":{"line":16,"column":0},"end":{"line":16,"column":33}},"16":{"start":{"line":17,"column":0},"end":{"line":17,"column":62}},"17":{"start":{"line":18,"column":0},"end":{"line":18,"column":5}},"18":{"start":{"line":19,"column":0},"end":{"line":19,"column":1}},"19":{"start":{"line":20,"column":0},"end":{"line":20,"column":24}}},"s":{"0":1,"1":1,"2":1,"3":1,"4":1,"5":1,"6":1,"7":1,"8":1,"9":3,"10":3,"11":1,"12":3,"13":3,"14":0,"15":0,"16":0,"17":0,"18":1,"19":1},"branchMap":{"0":{"type":"branch","line":9,"loc":{"start":{"line":9,"column":4},"end":{"line":11,"column":5}},"locations":[{"start":{"line":9,"column":4},"end":{"line":11,"column":5}}]},"1":{"type":"branch","line":12,"loc":{"start":{"line":12,"column":4},"end":{"line":18,"column":5}},"locations":[{"start":{"line":12,"column":4},"end":{"line":18,"column":5}}]},"2":{"type":"branch","line":14,"loc":{"start":{"line":14,"column":43},"end":{"line":18,"column":5}},"locations":[{"start":{"line":14,"column":43},"end":{"line":18,"column":5}}]}},"b":{"0":[3],"1":[3],"2":[0]},"fnMap":{"0":{"name":"StrArr","decl":{"start":{"line":9,"column":4},"end":{"line":11,"column":5}},"loc":{"start":{"line":9,"column":4},"end":{"line":11,"column":5}},"line":9},"1":{"name":"strWithCommasToArray","decl":{"start":{"line":12,"column":4},"end":{"line":18,"column":5}},"loc":{"start":{"line":12,"column":4},"end":{"line":18,"column":5}},"line":12}},"f":{"0":3,"1":3}}
}
