TN:
SF:Anagram.js
FN:2,Object.<anonymous>.__createBinding
FN:6,get
FN:9,Object.<anonymous>.__createBinding
FN:13,Object.<anonymous>.__setModuleDefault
FN:15,Object.<anonymous>.__setModuleDefault
FN:18,Object.<anonymous>.__importStar
FN:25,Object.<anonymous>.__awaiter
FN:26,adopt
FN:28,fulfilled
FN:29,rejected
FN:30,step
FN:38,Anagram
FN:53,loadAnagrams
FN:68,lineToMap
FN:77,nToEnd
FN:80,fetchAnagram
FN:93,setup
FN:108,setAnagrams
FN:117,search
FN:125,loadDictionaryIntoArray
FN:129,validateAlpha
FN:135,validateValues
FN:142,sortDictionaryWordsIntoRedis
FN:153,preCommaWord
FN:158,sortStr
FNF:25
FNH:16
FNDA:99,Object.<anonymous>.__createBinding
FNDA:2,get
FNDA:0,Object.<anonymous>.__createBinding
FNDA:1,Object.<anonymous>.__setModuleDefault
FNDA:0,Object.<anonymous>.__setModuleDefault
FNDA:1,Object.<anonymous>.__importStar
FNDA:19,Object.<anonymous>.__awaiter
FNDA:9,adopt
FNDA:9,fulfilled
FNDA:0,rejected
FNDA:28,step
FNDA:3,Anagram
FNDA:9,loadAnagrams
FNDA:0,lineToMap
FNDA:0,nToEnd
FNDA:9,fetchAnagram
FNDA:1,setup
FNDA:0,setAnagrams
FNDA:2,search
FNDA:2,loadDictionaryIntoArray
FNDA:1,validateAlpha
FNDA:0,validateValues
FNDA:0,sortDictionaryWordsIntoRedis
FNDA:0,preCommaWord
FNDA:2,sortStr
DA:1,1
DA:2,1
DA:3,99
DA:4,99
DA:5,99
DA:6,94
DA:7,94
DA:8,99
DA:9,1
DA:10,0
DA:11,0
DA:12,1
DA:13,1
DA:14,1
DA:15,1
DA:16,0
DA:17,1
DA:18,1
DA:19,1
DA:20,1
DA:21,1
DA:22,1
DA:23,1
DA:24,1
DA:25,1
DA:26,19
DA:27,19
DA:28,19
DA:29,19
DA:30,19
DA:31,19
DA:32,19
DA:33,19
DA:34,1
DA:35,1
DA:36,1
DA:37,1
DA:38,1
DA:39,3
DA:40,3
DA:41,3
DA:42,3
DA:43,3
DA:44,3
DA:45,3
DA:46,3
DA:47,3
DA:48,3
DA:49,3
DA:50,3
DA:51,3
DA:52,3
DA:53,1
DA:54,9
DA:55,9
DA:56,9
DA:57,9
DA:58,9
DA:59,9
DA:60,0
DA:61,9
DA:62,9
DA:63,9
DA:64,0
DA:65,0
DA:66,9
DA:67,9
DA:68,1
DA:69,0
DA:70,0
DA:71,0
DA:72,0
DA:73,0
DA:74,0
DA:75,0
DA:76,0
DA:77,1
DA:78,0
DA:79,0
DA:80,1
DA:81,9
DA:82,9
DA:83,9
DA:84,9
DA:85,0
DA:86,0
DA:87,0
DA:88,9
DA:89,9
DA:90,9
DA:91,9
DA:92,9
DA:93,1
DA:94,1
DA:95,1
DA:96,1
DA:97,1
DA:98,1
DA:99,1
DA:100,1
DA:101,1
DA:102,1
DA:103,1
DA:104,1
DA:105,1
DA:106,1
DA:107,1
DA:108,1
DA:109,0
DA:110,0
DA:111,0
DA:112,0
DA:113,0
DA:114,0
DA:115,0
DA:116,0
DA:117,1
DA:118,2
DA:119,2
DA:120,2
DA:121,2
DA:122,2
DA:123,2
DA:124,2
DA:125,1
DA:126,2
DA:127,2
DA:128,2
DA:129,1
DA:130,1
DA:131,0
DA:132,0
DA:133,1
DA:134,1
DA:135,1
DA:136,0
DA:137,0
DA:138,0
DA:139,0
DA:140,0
DA:141,1
DA:142,1
DA:143,0
DA:144,0
DA:145,0
DA:146,0
DA:147,0
DA:148,0
DA:149,0
DA:150,0
DA:151,0
DA:152,0
DA:153,1
DA:154,0
DA:155,0
DA:156,0
DA:157,1
DA:158,1
DA:159,2
DA:160,2
DA:161,1
DA:162,1
LF:162
LH:115
BRDA:9,0,0,0
BRDA:15,1,0,0
BRDA:2,2,0,99
BRDA:5,3,0,5
BRDA:5,4,0,94
BRDA:5,5,0,5
BRDA:5,6,0,94
BRDA:6,7,0,2
BRDA:13,8,0,1
BRDA:18,9,0,1
BRDA:19,10,0,0
BRDA:21,11,0,99
BRDA:25,12,0,19
BRDA:26,13,0,9
BRDA:26,14,0,0
BRDA:27,15,0,19
BRDA:28,16,0,9
BRDA:28,17,0,0
BRDA:30,18,0,28
BRDA:30,19,0,19
BRDA:30,20,0,9
BRDA:38,21,0,3
BRDA:51,22,0,9
BRDA:53,23,0,9
BRDA:54,24,0,9
BRDA:58,25,0,0
BRDA:59,26,0,0
BRDA:63,27,0,0
BRDA:80,28,0,9
BRDA:81,29,0,9
BRDA:84,30,0,0
BRDA:93,31,0,1
BRDA:94,32,0,1
BRDA:117,33,0,2
BRDA:125,34,0,2
BRDA:129,35,0,1
BRDA:130,36,0,0
BRDA:158,37,0,2
BRF:38
BRH:28
end_of_record
TN:
SF:Anagrams.js
FN:7,Anagrams
FNF:1
FNH:1
FNDA:2,Anagrams
DA:1,1
DA:2,1
DA:3,1
DA:4,1
DA:5,1
DA:6,1
DA:7,1
DA:8,2
DA:9,2
DA:10,1
DA:11,1
LF:11
LH:11
BRDA:7,0,0,2
BRF:1
BRH:1
end_of_record
TN:
SF:StrArr.js
FN:9,StrArr
FN:12,strWithCommasToArray
FNF:2
FNH:2
FNDA:3,StrArr
FNDA:3,strWithCommasToArray
DA:1,1
DA:2,1
DA:3,1
DA:4,1
DA:5,1
DA:6,1
DA:7,1
DA:8,1
DA:9,1
DA:10,3
DA:11,3
DA:12,1
DA:13,3
DA:14,3
DA:15,0
DA:16,0
DA:17,0
DA:18,0
DA:19,1
DA:20,1
LF:20
LH:16
BRDA:9,0,0,3
BRDA:12,1,0,3
BRDA:14,2,0,0
BRF:3
BRH:2
end_of_record
